2011-05-08 15:08:02 Notice: Notice (1024): Please change the value of 'Security.salt' in app/config/core.php to a salt value specific to your application in [/var/www/Shift-2.0/cake/libs/debugger.php, line 684]
2011-05-08 15:08:02 Notice: Notice (1024): Please change the value of 'Security.cipherSeed' in app/config/core.php to a numeric (digits only) seed value specific to your application in [/var/www/Shift-2.0/cake/libs/debugger.php, line 688]
2011-05-08 20:21:32 Notice: Notice (8): session_start() [http://php.net/function.session-start]: ps_files_cleanup_dir: opendir(/var/lib/php5) failed: Permission denied (13) in [/var/www/Shift-2.0/cake/libs/cake_session.php, line 587]
2011-05-08 22:46:46 Notice: Notice (8): session_start() [http://php.net/function.session-start]: ps_files_cleanup_dir: opendir(/var/lib/php5) failed: Permission denied (13) in [/var/www/Shift-2.0/cake/libs/cake_session.php, line 587]
2011-05-09 22:28:09 Notice: Notice (8): A non well formed numeric value encountered in [/var/www/Shift-2.0/app/views/eventos/index.ctp, line 13]
2011-05-09 22:56:27 Notice: Notice (8): session_start() [http://php.net/function.session-start]: ps_files_cleanup_dir: opendir(/var/lib/php5) failed: Permission denied (13) in [/var/www/Shift-2.0/cake/libs/cake_session.php, line 587]
2011-05-10 22:14:34 Notice: Notice (8): Undefined variable: game in [/var/www/Shift-2.0/app/views/jogadores/index.ctp, line 16]
2011-05-10 23:35:10 Notice: Notice (8): Undefined variable: campeonatos in [/var/www/Shift-2.0/app/views/campeonatos/index.ctp, line 8]
2011-05-10 23:36:30 Notice: Notice (8): Undefined variable: campeonatos in [/var/www/Shift-2.0/app/views/campeonatos/index.ctp, line 8]
2011-05-10 23:37:41 Notice: Notice (8): Undefined variable: campeonatos in [/var/www/Shift-2.0/app/views/campeonatos/index.ctp, line 8]
2011-05-10 23:39:48 Notice: Notice (8): Undefined index: email in [/var/www/Shift-2.0/app/views/campeonatos/index.ctp, line 15]
2011-05-10 23:39:48 Notice: Notice (8): Undefined index: ddd in [/var/www/Shift-2.0/app/views/campeonatos/index.ctp, line 16]
2011-05-10 23:39:48 Notice: Notice (8): Undefined index: celular in [/var/www/Shift-2.0/app/views/campeonatos/index.ctp, line 16]
2011-05-10 23:39:49 Notice: Notice (8): Undefined index: sexo in [/var/www/Shift-2.0/app/views/campeonatos/index.ctp, line 17]
2011-05-10 23:42:55 Notice: Notice (8): Undefined index: Tipo in [/var/www/Shift-2.0/app/views/campeonatos/index.ctp, line 16]
2011-05-11 23:01:03 Notice: Notice (8): Undefined variable: name in [/var/www/Shift-2.0/app/controllers/jogadores_controller.php, line 53]
2011-05-11 23:01:12 Notice: Notice (8): Undefined variable: name in [/var/www/Shift-2.0/app/controllers/jogadores_controller.php, line 53]
2011-05-11 23:03:05 Notice: Notice (8): Undefined variable: name in [/var/www/Shift-2.0/app/controllers/jogadores_controller.php, line 53]
2011-05-11 23:03:36 Notice: Notice (8): Undefined variable: name in [/var/www/Shift-2.0/app/controllers/jogadores_controller.php, line 53]
2011-05-11 23:11:30 Notice: Notice (8): Undefined offset: 0 in [/var/www/Shift-2.0/app/controllers/jogadores_controller.php, line 56]
2011-05-11 23:11:38 Notice: Notice (8): Undefined offset: 0 in [/var/www/Shift-2.0/app/controllers/jogadores_controller.php, line 56]
2011-05-11 23:11:40 Notice: Notice (8): Undefined offset: 0 in [/var/www/Shift-2.0/app/controllers/jogadores_controller.php, line 56]
2011-05-11 23:12:08 Notice: Notice (8): Undefined offset: 0 in [/var/www/Shift-2.0/app/controllers/jogadores_controller.php, line 56]
2011-05-11 23:12:14 Notice: Notice (8): Undefined index: Jogadore in [/var/www/Shift-2.0/app/controllers/jogadores_controller.php, line 56]
2011-05-11 23:12:14 Notice: Notice (8): Undefined index: Jogadore in [/var/www/Shift-2.0/app/controllers/jogadores_controller.php, line 56]
2011-05-11 23:12:46 Notice: Notice (8): Undefined index: Jogadore in [/var/www/Shift-2.0/app/controllers/jogadores_controller.php, line 56]
2011-05-11 23:33:04 Notice: Notice (8): Undefined variable: name in [/var/www/Shift-2.0/app/controllers/jogadores_controller.php, line 53]
2011-05-11 23:33:32 Notice: Notice (8): Undefined variable: name in [/var/www/Shift-2.0/app/controllers/jogadores_controller.php, line 53]
2011-05-11 23:34:01 Notice: Notice (8): Undefined variable: name in [/var/www/Shift-2.0/app/controllers/jogadores_controller.php, line 53]
2011-05-11 23:56:59 Notice: Notice (8): Undefined index: requested in [/var/www/Shift-2.0/app/controllers/campeonatos_controller.php, line 51]
2011-05-11 23:57:04 Notice: Notice (8): Undefined index: requested in [/var/www/Shift-2.0/app/controllers/campeonatos_controller.php, line 51]
2011-05-11 23:58:35 Notice: Notice (8): Undefined index: requested in [/var/www/Shift-2.0/app/controllers/campeonatos_controller.php, line 51]
2011-05-12 00:00:17 Notice: Notice (8): Undefined index: requested in [/var/www/Shift-2.0/app/controllers/campeonatos_controller.php, line 49]
2011-05-12 00:04:43 Notice: Notice (8): Undefined index: requested in [/var/www/Shift-2.0/app/controllers/campeonatos_controller.php, line 49]
2011-05-12 23:20:26 Notice: Notice (8): Undefined index: Jogadore in [/var/www/Shift-2.0/app/views/campeonatos/index.ctp, line 16]
2011-05-12 23:20:26 Notice: Notice (8): Undefined index: Jogadore in [/var/www/Shift-2.0/app/views/layouts/default.ctp, line 112]
2011-05-12 23:20:58 Notice: Notice (8): Undefined index: Jogadore in [/var/www/Shift-2.0/app/views/campeonatos/index.ctp, line 16]
2011-05-12 23:21:18 Notice: Notice (8): Undefined index: Jogadore in [/var/www/Shift-2.0/app/views/campeonatos/index.ctp, line 16]
2011-05-12 23:40:41 Notice: Notice (8): Undefined index: Jogadore in [/var/www/Shift-2.0/app/views/campeonatos/index.ctp, line 16]
2011-05-12 23:40:57 Notice: Notice (8): Undefined index: id in [/var/www/Shift-2.0/app/controllers/jogadores_controller.php, line 58]
2011-05-12 23:42:12 Notice: Notice (8): Undefined index: Jogadore in [/var/www/Shift-2.0/app/views/campeonatos/index.ctp, line 16]
2011-05-12 23:43:22 Notice: Notice (8): Undefined index: Jogadore in [/var/www/Shift-2.0/app/views/campeonatos/index.ctp, line 16]
2011-05-12 23:46:36 Notice: Notice (8): Undefined index: Jogadore in [/var/www/Shift-2.0/app/views/campeonatos/index.ctp, line 16]
2011-05-12 23:51:31 Notice: Notice (8): Undefined index: Jogadore in [/var/www/Shift-2.0/app/views/campeonatos/index.ctp, line 16]
2011-05-12 23:52:24 Notice: Notice (8): Undefined index: Jogadore in [/var/www/Shift-2.0/app/views/campeonatos/index.ctp, line 16]
2011-05-12 23:52:45 Notice: Notice (8): Undefined index: Jogadore in [/var/www/Shift-2.0/app/views/campeonatos/index.ctp, line 16]
2011-05-12 23:53:48 Notice: Notice (8): Undefined index: Jogadore in [/var/www/Shift-2.0/app/views/campeonatos/index.ctp, line 16]
2011-05-12 23:58:16 Notice: Notice (8): Undefined index: Jogadore in [/var/www/Shift-2.0/app/views/campeonatos/index.ctp, line 16]
2011-05-12 23:58:17 Notice: Notice (8): Undefined index: Jogadore in [/var/www/Shift-2.0/app/views/campeonatos/index.ctp, line 16]
2011-05-12 23:58:42 Notice: Notice (8): Undefined index: Jogadore in [/var/www/Shift-2.0/app/views/campeonatos/index.ctp, line 16]
2011-05-13 00:03:55 Notice: Notice (8): Undefined index: Jogadore in [/var/www/Shift-2.0/app/views/campeonatos/index.ctp, line 16]
2011-05-13 00:05:19 Notice: Notice (8): Undefined index: Jogadore in [/var/www/Shift-2.0/app/views/campeonatos/index.ctp, line 16]
2011-05-13 00:05:20 Notice: Notice (8): Undefined index: Jogadore in [/var/www/Shift-2.0/app/views/campeonatos/index.ctp, line 16]
2011-05-13 00:06:26 Notice: Notice (8): Undefined index: Jogadore in [/var/www/Shift-2.0/app/views/campeonatos/index.ctp, line 16]
2011-05-13 00:06:35 Notice: Notice (8): Undefined index: Jogadore in [/var/www/Shift-2.0/app/views/campeonatos/index.ctp, line 16]
2011-05-13 00:07:40 Notice: Notice (8): Undefined index: Jogadore in [/var/www/Shift-2.0/app/views/campeonatos/index.ctp, line 16]
2011-05-13 00:09:37 Notice: Notice (8): Undefined variable: idJogador in [/var/www/Shift-2.0/app/controllers/campeonatos_controller.php, line 64]
2011-05-13 00:13:43 Notice: Notice (8): Undefined variable: idJogador in [/var/www/Shift-2.0/app/controllers/campeonatos_controller.php, line 64]
2011-05-13 00:16:39 Notice: Notice (8): Undefined variable: idJogador in [/var/www/Shift-2.0/app/controllers/campeonatos_controller.php, line 64]
2011-05-13 21:26:01 Notice: Notice (8): Undefined index: Tipo in [/var/www/Shift-2.0/app/controllers/campeonatos_controller.php, line 70]
2011-05-13 21:26:02 Notice: Notice (8): Undefined index: Tipo in [/var/www/Shift-2.0/app/controllers/campeonatos_controller.php, line 70]
2011-05-13 21:26:03 Notice: Notice (8): Undefined index: Tipo in [/var/www/Shift-2.0/app/controllers/campeonatos_controller.php, line 70]
2011-05-13 21:27:59 Notice: Notice (8): Undefined index: Tipo in [/var/www/Shift-2.0/app/controllers/campeonatos_controller.php, line 71]
2011-05-13 21:35:37 Notice: Notice (8): Undefined index: Tipo in [/var/www/Shift-2.0/app/controllers/campeonatos_controller.php, line 70]
2011-05-13 21:38:33 Notice: Notice (8): Undefined index: Tipo in [/var/www/Shift-2.0/app/controllers/campeonatos_controller.php, line 72]
2011-05-13 21:39:15 Notice: Notice (8): Undefined index: Tipo in [/var/www/Shift-2.0/app/controllers/campeonatos_controller.php, line 72]
2011-05-13 21:41:50 Notice: Notice (8): Undefined index: Tipo in [/var/www/Shift-2.0/app/controllers/campeonatos_controller.php, line 72]
2011-05-13 21:48:17 Notice: Notice (8): Undefined index: Tabela in [/var/www/Shift-2.0/app/controllers/campeonatos_controller.php, line 66]
2011-05-13 21:48:17 Notice: Notice (8): Undefined index: Tipo in [/var/www/Shift-2.0/app/controllers/campeonatos_controller.php, line 68]
2011-05-13 21:50:11 Notice: Notice (8): Undefined index: Tabela in [/var/www/Shift-2.0/app/controllers/campeonatos_controller.php, line 70]
2011-05-13 21:50:11 Notice: Notice (8): Undefined index: Tipo in [/var/www/Shift-2.0/app/controllers/campeonatos_controller.php, line 72]
2011-05-13 21:52:09 Notice: Notice (8): session_start() [http://php.net/function.session-start]: ps_files_cleanup_dir: opendir(/var/lib/php5) failed: Permission denied (13) in [/var/www/Shift-2.0/cake/libs/cake_session.php, line 587]
2011-05-13 21:52:10 Notice: Notice (8): Undefined index: Tabela in [/var/www/Shift-2.0/app/controllers/campeonatos_controller.php, line 70]
2011-05-13 21:52:10 Notice: Notice (8): Undefined index: Tipo in [/var/www/Shift-2.0/app/controllers/campeonatos_controller.php, line 72]
2011-05-13 21:53:11 Notice: Notice (8): Undefined index: Tabela in [/var/www/Shift-2.0/app/controllers/campeonatos_controller.php, line 72]
2011-05-13 21:53:11 Notice: Notice (8): Undefined index: Tipo in [/var/www/Shift-2.0/app/controllers/campeonatos_controller.php, line 74]
2011-05-13 21:54:47 Notice: Notice (8): Undefined index: Tabela in [/var/www/Shift-2.0/app/controllers/campeonatos_controller.php, line 72]
2011-05-13 21:54:47 Notice: Notice (8): Undefined index: Tipo in [/var/www/Shift-2.0/app/controllers/campeonatos_controller.php, line 74]
2011-05-13 21:55:50 Notice: Notice (8): Undefined index: Tabela in [/var/www/Shift-2.0/app/controllers/campeonatos_controller.php, line 72]
2011-05-13 21:55:50 Notice: Notice (8): Undefined index: Tipo in [/var/www/Shift-2.0/app/controllers/campeonatos_controller.php, line 74]
2011-05-13 21:56:35 Notice: Notice (8): Undefined index: Tabela in [/var/www/Shift-2.0/app/controllers/campeonatos_controller.php, line 72]
2011-05-13 21:56:35 Notice: Notice (8): Undefined index: Tipo in [/var/www/Shift-2.0/app/controllers/campeonatos_controller.php, line 74]
2011-05-13 22:30:23 Notice: Notice (8): Undefined variable: jogadore in [/var/www/Shift-2.0/app/controllers/campeonatos_controller.php, line 69]
2011-05-13 22:30:23 Notice: Notice (8): Undefined variable: jogadore in [/var/www/Shift-2.0/app/controllers/campeonatos_controller.php, line 69]
2011-05-13 22:36:18 Notice: Notice (8): session_start() [http://php.net/function.session-start]: ps_files_cleanup_dir: opendir(/var/lib/php5) failed: Permission denied (13) in [/var/www/Shift-2.0/cake/libs/cake_session.php, line 587]
2011-05-13 22:36:44 Notice: Notice (8): Undefined index: Tipo in [/var/www/Shift-2.0/app/controllers/campeonatos_controller.php, line 81]
2011-05-13 22:37:21 Notice: Notice (8): Undefined index: Tipo in [/var/www/Shift-2.0/app/controllers/campeonatos_controller.php, line 81]
2011-05-13 22:38:15 Notice: Notice (8): Undefined index: Tipo in [/var/www/Shift-2.0/app/controllers/campeonatos_controller.php, line 81]
2011-05-13 22:59:24 Notice: Notice (8): session_start() [http://php.net/function.session-start]: ps_files_cleanup_dir: opendir(/var/lib/php5) failed: Permission denied (13) in [/var/www/Shift-2.0/cake/libs/cake_session.php, line 587]
2011-05-14 13:07:59 Debug: Notice (8): Trying to get property of non-object in [C:\wamp\www\Shift-2.0\cake\libs\model\datasources\dbo_source.php, line 813]
2011-05-14 15:52:46 Debug: Notice (8): Undefined property: GamesController::$Games in [C:\wamp\www\Shift-2.0\app\controllers\games_controller.php, line 45]
2011-05-14 15:52:50 Debug: Notice (8): Undefined property: GamesController::$Games in [C:\wamp\www\Shift-2.0\app\controllers\games_controller.php, line 45]
2011-05-14 15:53:07 Debug: Notice (8): Undefined variable: games in [C:\wamp\www\Shift-2.0\app\views\layouts\default.ctp, line 413]
2011-05-14 15:53:59 Debug: Notice (8): Undefined property: GamesController::$Games in [C:\wamp\www\Shift-2.0\app\controllers\games_controller.php, line 45]
2011-05-14 15:54:09 Debug: Notice (8): Undefined property: GamesController::$Games in [C:\wamp\www\Shift-2.0\app\controllers\games_controller.php, line 45]
2011-05-14 15:54:50 Debug: Notice (8): Undefined property: GamesController::$Games in [C:\wamp\www\Shift-2.0\app\controllers\games_controller.php, line 45]
2011-05-14 15:54:52 Debug: Notice (8): Undefined property: GamesController::$Games in [C:\wamp\www\Shift-2.0\app\controllers\games_controller.php, line 45]
2011-05-14 15:55:31 Debug: Notice (8): Undefined property: GamesController::$Games in [C:\wamp\www\Shift-2.0\app\controllers\games_controller.php, line 45]
2011-05-14 15:55:58 Debug: Notice (8): Undefined property: GamesController::$Games in [C:\wamp\www\Shift-2.0\app\controllers\games_controller.php, line 45]
2011-05-14 15:56:35 Debug: Notice (8): Undefined property: GamesController::$Games in [C:\wamp\www\Shift-2.0\app\controllers\games_controller.php, line 45]
2011-05-14 15:56:43 Debug: Notice (8): Undefined variable: gamesLista in [C:\wamp\www\Shift-2.0\app\views\layouts\default.ctp, line 413]
2011-05-14 15:56:46 Debug: Notice (8): Undefined variable: gamesLista in [C:\wamp\www\Shift-2.0\app\views\layouts\default.ctp, line 413]
2011-05-14 15:56:48 Debug: Notice (8): Undefined variable: gamesLista in [C:\wamp\www\Shift-2.0\app\views\layouts\default.ctp, line 413]
2011-05-14 15:56:49 Debug: Notice (8): Undefined variable: gamesLista in [C:\wamp\www\Shift-2.0\app\views\layouts\default.ctp, line 413]
2011-05-14 15:57:11 Debug: Notice (8): Undefined variable: gamesLista in [C:\wamp\www\Shift-2.0\app\views\layouts\default.ctp, line 415]
2011-05-14 15:58:38 Debug: Notice (8): Undefined property: GamesController::$Games in [C:\wamp\www\Shift-2.0\app\controllers\games_controller.php, line 45]
2011-05-14 15:59:06 Debug: Notice (8): Undefined property: GamesController::$Games in [C:\wamp\www\Shift-2.0\app\controllers\games_controller.php, line 45]
2011-05-14 16:08:48 Debug: Notice (8): Undefined property: GamesController::$Games in [C:\wamp\www\Shift-2.0\app\controllers\games_controller.php, line 45]
2011-05-14 16:08:50 Debug: Notice (8): Undefined property: GamesController::$Games in [C:\wamp\www\Shift-2.0\app\controllers\games_controller.php, line 45]
2011-05-14 16:13:29 Debug: Notice (8): Undefined variable: jogadore in [C:\wamp\www\Shift-2.0\app\controllers\campeonatos_controller.php, line 121]
2011-05-14 16:34:10 Debug: Notice (8): Undefined variable: jogadore in [C:\wamp\www\Shift-2.0\app\controllers\campeonatos_controller.php, line 121]
2011-05-14 17:27:13 Debug: Notice (8): Undefined variable: jogadore in [C:\wamp\www\Shift-2.0\app\controllers\campeonatos_controller.php, line 121]
2011-05-14 17:50:58 Debug: Notice (8): Undefined variable: jogadore in [C:\wamp\www\Shift-2.0\app\controllers\campeonatos_controller.php, line 121]
2011-05-14 18:07:20 Debug: Notice (8): Undefined variable: jogadore in [C:\wamp\www\Shift-2.0\app\controllers\campeonatos_controller.php, line 121]
2011-05-14 18:25:10 Debug: Notice (8): Undefined variable: jogadore in [C:\wamp\www\Shift-2.0\app\controllers\campeonatos_controller.php, line 121]
2011-05-14 20:21:07 Notice: Notice (8): Undefined property: GamesController::$Games in [/var/www/Shift-2.0/app/controllers/games_controller.php, line 45]
2011-05-14 20:21:18 Notice: Notice (8): Undefined property: GamesController::$Games in [/var/www/Shift-2.0/app/controllers/games_controller.php, line 45]
2011-05-14 20:21:19 Notice: Notice (8): Undefined property: GamesController::$Games in [/var/www/Shift-2.0/app/controllers/games_controller.php, line 45]
2011-05-14 20:33:27 Notice: Notice (8): Undefined variable: jogadore in [/var/www/Shift-2.0/app/controllers/campeonatos_controller.php, line 123]
2011-05-14 20:47:47 Notice: Notice (8): Undefined variable: jogadore in [/var/www/Shift-2.0/app/controllers/campeonatos_controller.php, line 134]
2011-05-14 21:44:50 Notice: Notice (8): Undefined index: horarioInicio in [/var/www/Shift-2.0/app/views/campeonatos/index.ctp, line 9]
