2011-05-08 19:06:57 Warning: Warning (2): preg_match() expects parameter 2 to be string, array given in [/var/www/Shift-2.0/cake/libs/model/datasources/dbo_source.php, line 2006]
2011-05-08 19:06:57 Warning: Warning (2): preg_match() expects parameter 2 to be string, array given in [/var/www/Shift-2.0/cake/libs/model/datasources/dbo_source.php, line 2008]
2011-05-08 19:06:57 Warning: Warning (2): strpos() expects parameter 1 to be string, array given in [/var/www/Shift-2.0/cake/libs/model/datasources/dbo_source.php, line 2011]
2011-05-08 19:06:57 Warning: Warning (2): trim() expects parameter 1 to be string, array given in [/var/www/Shift-2.0/cake/libs/model/datasources/dbo_source.php, line 2013]
2011-05-08 19:06:57 Warning: Warning (512): <span style="color:Red;text-align:left"><b>SQL Error:</b> 1054: Unknown column 'Usuario.' in 'field list'</span> in [/var/www/Shift-2.0/cake/libs/model/datasources/dbo_source.php, line 684]
2011-05-09 23:30:03 Warning: Warning (512): <span style="color:Red;text-align:left"><b>SQL Error:</b> 1054: Unknown column 'CampeonatosJogadore.jogadore_id' in 'on clause'</span> in [/var/www/Shift-2.0/cake/libs/model/datasources/dbo_source.php, line 684]
2011-05-09 23:31:42 Warning: Warning (512): <span style="color:Red;text-align:left"><b>SQL Error:</b> 1054: Unknown column 'CampeonatosJogadore.jogadore_id' in 'on clause'</span> in [/var/www/Shift-2.0/cake/libs/model/datasources/dbo_source.php, line 684]
2011-05-09 23:32:50 Warning: Warning (512): <span style="color:Red;text-align:left"><b>SQL Error:</b> 1054: Unknown column 'CampeonatosJogadore.campeonato_id' in 'on clause'</span> in [/var/www/Shift-2.0/cake/libs/model/datasources/dbo_source.php, line 684]
2011-05-10 23:35:10 Warning: Warning (512): <span style="color:Red;text-align:left"><b>SQL Error:</b> 1054: Unknown column 'Game.campeonato_id' in 'on clause'</span> in [/var/www/Shift-2.0/cake/libs/model/datasources/dbo_source.php, line 684]
2011-05-10 23:35:10 Warning: Warning (2): Invalid argument supplied for foreach() in [/var/www/Shift-2.0/app/views/campeonatos/index.ctp, line 8]
2011-05-10 23:36:30 Warning: Warning (512): <span style="color:Red;text-align:left"><b>SQL Error:</b> 1054: Unknown column 'Campeonato.nome' in 'order clause'</span> in [/var/www/Shift-2.0/cake/libs/model/datasources/dbo_source.php, line 684]
2011-05-10 23:36:30 Warning: Warning (2): Invalid argument supplied for foreach() in [/var/www/Shift-2.0/app/views/campeonatos/index.ctp, line 8]
2011-05-10 23:37:41 Warning: Warning (2): Invalid argument supplied for foreach() in [/var/www/Shift-2.0/app/views/campeonatos/index.ctp, line 8]
2011-05-11 22:53:03 Warning: Warning (512): <span style="color:Red;text-align:left"><b>SQL Error:</b> 1064: You have an error in your SQL syntax; check the manual that corresponds to your MySQL server version for the right syntax to use near '% LIMIT 10' at line 1</span> in [/var/www/Shift-2.0/cake/libs/model/datasources/dbo_source.php, line 684]
2011-05-11 22:53:03 Warning: Warning (2): Invalid argument supplied for foreach() in [/var/www/Shift-2.0/app/controllers/jogadores_controller.php, line 55]
2011-05-11 22:53:08 Warning: Warning (512): <span style="color:Red;text-align:left"><b>SQL Error:</b> 1064: You have an error in your SQL syntax; check the manual that corresponds to your MySQL server version for the right syntax to use near '% LIMIT 10' at line 1</span> in [/var/www/Shift-2.0/cake/libs/model/datasources/dbo_source.php, line 684]
2011-05-11 22:53:08 Warning: Warning (2): Invalid argument supplied for foreach() in [/var/www/Shift-2.0/app/controllers/jogadores_controller.php, line 55]
2011-05-11 22:55:09 Warning: Warning (512): <span style="color:Red;text-align:left"><b>SQL Error:</b> 1064: You have an error in your SQL syntax; check the manual that corresponds to your MySQL server version for the right syntax to use near '% LIMIT 10' at line 1</span> in [/var/www/Shift-2.0/cake/libs/model/datasources/dbo_source.php, line 684]
2011-05-11 22:55:09 Warning: Warning (2): Invalid argument supplied for foreach() in [/var/www/Shift-2.0/app/controllers/jogadores_controller.php, line 55]
2011-05-11 22:55:09 Warning: Warning (512): <span style="color:Red;text-align:left"><b>SQL Error:</b> 1064: You have an error in your SQL syntax; check the manual that corresponds to your MySQL server version for the right syntax to use near '% LIMIT 10' at line 1</span> in [/var/www/Shift-2.0/cake/libs/model/datasources/dbo_source.php, line 684]
2011-05-11 22:55:09 Warning: Warning (2): Invalid argument supplied for foreach() in [/var/www/Shift-2.0/app/controllers/jogadores_controller.php, line 55]
2011-05-11 22:59:56 Warning: Warning (512): <span style="color:Red;text-align:left"><b>SQL Error:</b> 1064: You have an error in your SQL syntax; check the manual that corresponds to your MySQL server version for the right syntax to use near '.val()% LIMIT 10' at line 1</span> in [/var/www/Shift-2.0/cake/libs/model/datasources/dbo_source.php, line 684]
2011-05-11 22:59:56 Warning: Warning (2): Invalid argument supplied for foreach() in [/var/www/Shift-2.0/app/controllers/jogadores_controller.php, line 55]
2011-05-11 22:59:56 Warning: Warning (512): <span style="color:Red;text-align:left"><b>SQL Error:</b> 1064: You have an error in your SQL syntax; check the manual that corresponds to your MySQL server version for the right syntax to use near '.val()% LIMIT 10' at line 1</span> in [/var/www/Shift-2.0/cake/libs/model/datasources/dbo_source.php, line 684]
2011-05-11 22:59:56 Warning: Warning (2): Invalid argument supplied for foreach() in [/var/www/Shift-2.0/app/controllers/jogadores_controller.php, line 55]
2011-05-11 23:01:03 Warning: Warning (2): Missing argument 1 for JogadoresController::ajaxName() in [/var/www/Shift-2.0/app/controllers/jogadores_controller.php, line 49]
2011-05-11 23:01:03 Warning: Warning (512): <span style="color:Red;text-align:left"><b>SQL Error:</b> 1064: You have an error in your SQL syntax; check the manual that corresponds to your MySQL server version for the right syntax to use near '% LIMIT 10' at line 1</span> in [/var/www/Shift-2.0/cake/libs/model/datasources/dbo_source.php, line 684]
2011-05-11 23:01:03 Warning: Warning (2): Invalid argument supplied for foreach() in [/var/www/Shift-2.0/app/controllers/jogadores_controller.php, line 55]
2011-05-11 23:01:12 Warning: Warning (2): Missing argument 1 for JogadoresController::ajaxName() in [/var/www/Shift-2.0/app/controllers/jogadores_controller.php, line 49]
2011-05-11 23:01:12 Warning: Warning (512): <span style="color:Red;text-align:left"><b>SQL Error:</b> 1064: You have an error in your SQL syntax; check the manual that corresponds to your MySQL server version for the right syntax to use near '% LIMIT 10' at line 1</span> in [/var/www/Shift-2.0/cake/libs/model/datasources/dbo_source.php, line 684]
2011-05-11 23:01:12 Warning: Warning (2): Invalid argument supplied for foreach() in [/var/www/Shift-2.0/app/controllers/jogadores_controller.php, line 55]
2011-05-11 23:03:05 Warning: Warning (2): Missing argument 1 for JogadoresController::ajaxName() in [/var/www/Shift-2.0/app/controllers/jogadores_controller.php, line 49]
2011-05-11 23:03:05 Warning: Warning (512): <span style="color:Red;text-align:left"><b>SQL Error:</b> 1064: You have an error in your SQL syntax; check the manual that corresponds to your MySQL server version for the right syntax to use near '% LIMIT 10' at line 1</span> in [/var/www/Shift-2.0/cake/libs/model/datasources/dbo_source.php, line 684]
2011-05-11 23:03:05 Warning: Warning (2): Invalid argument supplied for foreach() in [/var/www/Shift-2.0/app/controllers/jogadores_controller.php, line 55]
2011-05-11 23:03:36 Warning: Warning (2): Missing argument 1 for JogadoresController::ajaxName() in [/var/www/Shift-2.0/app/controllers/jogadores_controller.php, line 49]
2011-05-11 23:03:36 Warning: Warning (512): <span style="color:Red;text-align:left"><b>SQL Error:</b> 1064: You have an error in your SQL syntax; check the manual that corresponds to your MySQL server version for the right syntax to use near '% LIMIT 10' at line 1</span> in [/var/www/Shift-2.0/cake/libs/model/datasources/dbo_source.php, line 684]
2011-05-11 23:03:36 Warning: Warning (2): Invalid argument supplied for foreach() in [/var/www/Shift-2.0/app/controllers/jogadores_controller.php, line 55]
2011-05-11 23:04:19 Warning: Warning (512): <span style="color:Red;text-align:left"><b>SQL Error:</b> 1064: You have an error in your SQL syntax; check the manual that corresponds to your MySQL server version for the right syntax to use near '' $(this).val()% LIMIT 10' at line 1</span> in [/var/www/Shift-2.0/cake/libs/model/datasources/dbo_source.php, line 684]
2011-05-11 23:04:19 Warning: Warning (2): Invalid argument supplied for foreach() in [/var/www/Shift-2.0/app/controllers/jogadores_controller.php, line 55]
2011-05-11 23:05:29 Warning: Warning (512): <span style="color:Red;text-align:left"><b>SQL Error:</b> 1064: You have an error in your SQL syntax; check the manual that corresponds to your MySQL server version for the right syntax to use near '' $(this).val()% LIMIT 10' at line 1</span> in [/var/www/Shift-2.0/cake/libs/model/datasources/dbo_source.php, line 684]
2011-05-11 23:05:29 Warning: Warning (2): Invalid argument supplied for foreach() in [/var/www/Shift-2.0/app/controllers/jogadores_controller.php, line 55]
2011-05-11 23:05:43 Warning: Warning (512): <span style="color:Red;text-align:left"><b>SQL Error:</b> 1064: You have an error in your SQL syntax; check the manual that corresponds to your MySQL server version for the right syntax to use near '.val()% LIMIT 10' at line 1</span> in [/var/www/Shift-2.0/cake/libs/model/datasources/dbo_source.php, line 684]
2011-05-11 23:05:43 Warning: Warning (2): Invalid argument supplied for foreach() in [/var/www/Shift-2.0/app/controllers/jogadores_controller.php, line 55]
2011-05-11 23:06:02 Warning: Warning (512): <span style="color:Red;text-align:left"><b>SQL Error:</b> 1064: You have an error in your SQL syntax; check the manual that corresponds to your MySQL server version for the right syntax to use near '.val()% LIMIT 10' at line 1</span> in [/var/www/Shift-2.0/cake/libs/model/datasources/dbo_source.php, line 684]
2011-05-11 23:06:02 Warning: Warning (2): Invalid argument supplied for foreach() in [/var/www/Shift-2.0/app/controllers/jogadores_controller.php, line 55]
2011-05-11 23:06:18 Warning: Warning (512): <span style="color:Red;text-align:left"><b>SQL Error:</b> 1064: You have an error in your SQL syntax; check the manual that corresponds to your MySQL server version for the right syntax to use near '.val()% LIMIT 10' at line 1</span> in [/var/www/Shift-2.0/cake/libs/model/datasources/dbo_source.php, line 684]
2011-05-11 23:06:18 Warning: Warning (2): Invalid argument supplied for foreach() in [/var/www/Shift-2.0/app/controllers/jogadores_controller.php, line 55]
2011-05-11 23:11:10 Warning: Warning (512): <span style="color:Red;text-align:left"><b>SQL Error:</b> 1064: You have an error in your SQL syntax; check the manual that corresponds to your MySQL server version for the right syntax to use near '% LIMIT 10' at line 1</span> in [/var/www/Shift-2.0/cake/libs/model/datasources/dbo_source.php, line 684]
2011-05-11 23:11:10 Warning: Warning (2): Invalid argument supplied for foreach() in [/var/www/Shift-2.0/app/controllers/jogadores_controller.php, line 55]
2011-05-11 23:33:04 Warning: Warning (2): Missing argument 1 for JogadoresController::ajaxName() in [/var/www/Shift-2.0/app/controllers/jogadores_controller.php, line 49]
2011-05-11 23:33:32 Warning: Warning (2): Missing argument 1 for JogadoresController::ajaxName() in [/var/www/Shift-2.0/app/controllers/jogadores_controller.php, line 49]
2011-05-11 23:34:01 Warning: Warning (2): Missing argument 1 for JogadoresController::ajaxName() in [/var/www/Shift-2.0/app/controllers/jogadores_controller.php, line 49]
2011-05-12 23:46:45 Warning: Warning (512): <span style="color:Red;text-align:left"><b>SQL Error:</b> 1064: You have an error in your SQL syntax; check the manual that corresponds to your MySQL server version for the right syntax to use near 'Tabela' at line 1</span> in [/var/www/Shift-2.0/cake/libs/model/datasources/dbo_source.php, line 684]
2011-05-12 23:59:00 Warning: Warning (512): <span style="color:Red;text-align:left"><b>SQL Error:</b> 1064: You have an error in your SQL syntax; check the manual that corresponds to your MySQL server version for the right syntax to use near 'Tabela' at line 1</span> in [/var/www/Shift-2.0/cake/libs/model/datasources/dbo_source.php, line 684]
2011-05-13 00:09:37 Warning: Warning (2): Missing argument 2 for CampeonatosController::finalizarInscricao() in [/var/www/Shift-2.0/app/controllers/campeonatos_controller.php, line 57]
2011-05-13 00:09:37 Warning: Warning (512): <span style="color:Red;text-align:left"><b>SQL Error:</b> 1048: Column 'jogadore_id' cannot be null</span> in [/var/www/Shift-2.0/cake/libs/model/datasources/dbo_source.php, line 684]
2011-05-13 00:13:43 Warning: Warning (2): Missing argument 2 for CampeonatosController::finalizarInscricao() in [/var/www/Shift-2.0/app/controllers/campeonatos_controller.php, line 57]
2011-05-13 00:13:43 Warning: Warning (512): <span style="color:Red;text-align:left"><b>SQL Error:</b> 1048: Column 'jogadore_id' cannot be null</span> in [/var/www/Shift-2.0/cake/libs/model/datasources/dbo_source.php, line 684]
2011-05-13 00:16:39 Warning: Warning (2): Missing argument 2 for CampeonatosController::finalizarInscricao() in [/var/www/Shift-2.0/app/controllers/campeonatos_controller.php, line 57]
2011-05-13 00:16:39 Warning: Warning (512): <span style="color:Red;text-align:left"><b>SQL Error:</b> 1048: Column 'jogadore_id' cannot be null</span> in [/var/www/Shift-2.0/cake/libs/model/datasources/dbo_source.php, line 684]
2011-05-13 22:03:20 Warning: Warning (2): unlink(/var/www/Shift-2.0/app/tmp/cache/persistent/cake_core_object_map) [http://php.net/function.unlink]: No such file or directory in [/var/www/Shift-2.0/cake/libs/file.php, line 294]
2011-05-13 22:16:03 Warning: Warning (2): in_array() expects parameter 2 to be array, string given in [/var/www/Shift-2.0/app/controllers/campeonatos_controller.php, line 73]
2011-05-13 22:30:23 Warning: Warning (2): in_array() expects parameter 2 to be array, null given in [/var/www/Shift-2.0/app/controllers/campeonatos_controller.php, line 69]
2011-05-13 22:30:24 Warning: Warning (2): in_array() expects parameter 2 to be array, null given in [/var/www/Shift-2.0/app/controllers/campeonatos_controller.php, line 69]
2011-05-14 13:07:59 Warning: Warning (2): mysql_connect() [<a href='http://php.net/function.mysql-connect'>function.mysql-connect</a>]: Access denied for user 'root'@'localhost' (using password: YES) in [C:\wamp\www\Shift-2.0\cake\libs\model\datasources\dbo\dbo_mysql.php, line 552]
2011-05-14 13:07:59 Warning: Warning (2): mysql_select_db() expects parameter 2 to be resource, boolean given in [C:\wamp\www\Shift-2.0\cake\libs\model\datasources\dbo\dbo_mysql.php, line 558]
2011-05-14 13:07:59 Warning: Warning (2): mysql_query() expects parameter 2 to be resource, boolean given in [C:\wamp\www\Shift-2.0\cake\libs\model\datasources\dbo\dbo_mysql.php, line 600]
2011-05-14 13:07:59 Warning: Warning (2): mysql_get_server_info() expects parameter 1 to be resource, boolean given in [C:\wamp\www\Shift-2.0\cake\libs\model\datasources\dbo\dbo_mysql.php, line 566]
2011-05-14 13:07:59 Warning: Warning (2): mysql_errno() expects parameter 1 to be resource, boolean given in [C:\wamp\www\Shift-2.0\cake\libs\model\datasources\dbo\dbo_mysql.php, line 682]
2011-05-14 13:07:59 Warning: Warning (2): Invalid argument supplied for foreach() in [C:\wamp\www\Shift-2.0\cake\libs\model\datasources\dbo\dbo_mysql.php, line 127]
2011-05-14 13:07:59 Warning: Warning (2): array_keys() expects parameter 1 to be array, boolean given in [C:\wamp\www\Shift-2.0\cake\libs\model\datasources\dbo_source.php, line 1953]
2011-05-14 13:07:59 Warning: Warning (2): array_keys() expects parameter 1 to be array, boolean given in [C:\wamp\www\Shift-2.0\cake\libs\model\datasources\dbo_source.php, line 1966]
2011-05-14 13:07:59 Warning: Warning (2): array_filter() expects parameter 1 to be array, null given in [C:\wamp\www\Shift-2.0\cake\libs\model\datasources\dbo_source.php, line 1970]
2011-05-14 13:07:59 Warning: Warning (2): array_values() expects parameter 1 to be array, null given in [C:\wamp\www\Shift-2.0\cake\libs\model\datasources\dbo_source.php, line 1970]
2011-05-14 13:07:59 Warning: Warning (2): array_unique() expects parameter 1 to be array, null given in [C:\wamp\www\Shift-2.0\cake\libs\model\datasources\dbo_source.php, line 2052]
2011-05-14 13:07:59 Warning: Warning (2): array_unique() expects parameter 1 to be array, null given in [C:\wamp\www\Shift-2.0\cake\libs\model\datasources\dbo_source.php, line 1244]
2011-05-14 13:07:59 Warning: Warning (2): implode() [<a href='http://php.net/function.implode'>function.implode</a>]: Invalid arguments passed in [C:\wamp\www\Shift-2.0\cake\libs\model\datasources\dbo_source.php, line 1463]
2011-05-14 13:07:59 Warning: Warning (2): Invalid argument supplied for foreach() in [C:\wamp\www\Shift-2.0\app\views\layouts\default.ctp, line 367]
2011-05-14 16:13:29 Warning: Warning (2): in_array() expects parameter 2 to be array, null given in [C:\wamp\www\Shift-2.0\app\controllers\campeonatos_controller.php, line 121]
2011-05-14 16:33:32 Warning: Warning (512): <span style="color:Red;text-align:left"><b>SQL Error:</b> 1048: Column 'idade' cannot be null</span> in [C:\wamp\www\Shift-2.0\cake\libs\model\datasources\dbo_source.php, line 684]
2011-05-14 16:34:10 Warning: Warning (2): in_array() expects parameter 2 to be array, null given in [C:\wamp\www\Shift-2.0\app\controllers\campeonatos_controller.php, line 121]
2011-05-14 17:27:13 Warning: Warning (2): in_array() expects parameter 2 to be array, null given in [C:\wamp\www\Shift-2.0\app\controllers\campeonatos_controller.php, line 121]
2011-05-14 17:50:58 Warning: Warning (2): in_array() expects parameter 2 to be array, null given in [C:\wamp\www\Shift-2.0\app\controllers\campeonatos_controller.php, line 121]
2011-05-14 18:07:20 Warning: Warning (2): in_array() expects parameter 2 to be array, null given in [C:\wamp\www\Shift-2.0\app\controllers\campeonatos_controller.php, line 121]
2011-05-14 18:25:10 Warning: Warning (2): in_array() expects parameter 2 to be array, null given in [C:\wamp\www\Shift-2.0\app\controllers\campeonatos_controller.php, line 121]
2011-05-14 18:34:41 Warning: Warning (512): <span style="color:Red;text-align:left"><b>SQL Error:</b> 1048: Column 'idade' cannot be null</span> in [C:\wamp\www\Shift-2.0\cake\libs\model\datasources\dbo_source.php, line 684]
2011-05-14 20:31:27 Warning: Warning (2): preg_replace() [http://php.net/function.preg-replace]: No ending delimiter ',' found in [/var/www/Shift-2.0/app/controllers/campeonatos_controller.php, line 28]
2011-05-14 20:31:28 Warning: Warning (512): <span style="color:Red;text-align:left"><b>SQL Error:</b> 1048: Column 'valor' cannot be null</span> in [/var/www/Shift-2.0/cake/libs/model/datasources/dbo_source.php, line 684]
2011-05-14 20:33:27 Warning: Warning (2): in_array() expects parameter 2 to be array, null given in [/var/www/Shift-2.0/app/controllers/campeonatos_controller.php, line 123]
2011-05-14 20:47:47 Warning: Warning (2): in_array() expects parameter 2 to be array, null given in [/var/www/Shift-2.0/app/controllers/campeonatos_controller.php, line 134]
